1614661764844	geckodriver	INFO	Listening on 127.0.0.1:46157
1614661764850	mozrunner::runner	INFO	Running command: "/usr/bin/firefox" "--marionette" "-foreground" "-no-remote" "-profile" "/tmp/rust_mozprofile5elYvg"
console.warn: SearchSettings: "get: No settings file exists, new profile?" (new Error("", "(unknown module)"))
console.warn: SearchSettings: "get: No settings file exists, new profile?" (new Error("", "(unknown module)"))
1614661768163	Marionette	INFO	Listening on port 33743
1614661768288	Marionette	WARN	TLS certificate errors will be ignored for this session
1614661768302	Marionette	ERROR	[15] No reply from Marionette:Register
1614661769211	Marionette	INFO	Stopped listening on port 33743
JavaScript error: resource://activity-stream/lib/ASRouter.jsm, line 987: NS_ERROR_ILLEGAL_VALUE: Component returned failure code: 0x80070057 (NS_ERROR_ILLEGAL_VALUE) [nsIObserverService.removeObserver]

###!!! [Parent][RunMessage] Error: Channel closing: too late to send/recv, messages will be lost

1614661769827	geckodriver	INFO	Listening on 127.0.0.1:43277
1614661769836	mozrunner::runner	INFO	Running command: "/usr/bin/firefox" "--marionette" "-foreground" "-no-remote" "-profile" "/tmp/rust_mozprofile6Zbj4B"
console.warn: SearchSettings: "get: No settings file exists, new profile?" (new Error("", "(unknown module)"))
1614661772090	Marionette	INFO	Listening on port 40031
console.warn: SearchSettings: "get: No settings file exists, new profile?" (new Error("", "(unknown module)"))
1614661772199	Marionette	WARN	TLS certificate errors will be ignored for this session
1614661772212	Marionette	ERROR	[15] No reply from Marionette:Register
1614661791361	Marionette	INFO	Stopped listening on port 40031

###!!! [Parent][RunMessage] Error: Channel closing: too late to send/recv, messages will be lost

1615274242214	geckodriver	INFO	Listening on 127.0.0.1:36961
1615274243217	mozrunner::runner	INFO	Running command: "/usr/bin/firefox" "--marionette" "-foreground" "-no-remote" "-profile" "/tmp/rust_mozprofilesZhMIM"
console.warn: SearchSettings: "get: No settings file exists, new profile?" (new Error("", "(unknown module)"))
1615274246658	Marionette	INFO	Listening on port 33643
1615274246757	Marionette	WARN	TLS certificate errors will be ignored for this session
1615274247588	Marionette	INFO	Stopped listening on port 33643
JavaScript error: resource://activity-stream/lib/ASRouter.jsm, line 988: NS_ERROR_ILLEGAL_VALUE: Component returned failure code: 0x80070057 (NS_ERROR_ILLEGAL_VALUE) [nsIObserverService.removeObserver]
1615274248212	geckodriver	INFO	Listening on 127.0.0.1:59125
1615274248225	mozrunner::runner	INFO	Running command: "/usr/bin/firefox" "--marionette" "-foreground" "-no-remote" "-profile" "/tmp/rust_mozprofileO7yMOp"
console.warn: SearchSettings: "get: No settings file exists, new profile?" (new Error("", "(unknown module)"))
1615274250494	Marionette	INFO	Listening on port 43047
1615274250580	Marionette	WARN	TLS certificate errors will be ignored for this session
1615274294919	Marionette	INFO	Stopped listening on port 43047
1615274605328	geckodriver	INFO	Listening on 127.0.0.1:45785
1615274605329	geckodriver	INFO	Listening on 127.0.0.1:50459
1615274605335	mozrunner::runner	INFO	Running command: "/usr/bin/firefox" "--marionette" "-foreground" "-no-remote" "-profile" "/tmp/rust_mozprofile81k08F"
1615274605335	mozrunner::runner	INFO	Running command: "/usr/bin/firefox" "--marionette" "-foreground" "-no-remote" "-profile" "/tmp/rust_mozprofilea62pL6"
console.warn: SearchSettings: "get: No settings file exists, new profile?" (new Error("", "(unknown module)"))
console.warn: SearchSettings: "get: No settings file exists, new profile?" (new Error("", "(unknown module)"))
1615274608558	Marionette	INFO	Listening on port 39837
1615274608858	Marionette	WARN	TLS certificate errors will be ignored for this session
1615274608928	Marionette	INFO	Listening on port 43225
1615274608981	Marionette	WARN	TLS certificate errors will be ignored for this session
1615274609893	Marionette	INFO	Stopped listening on port 39837
1615274637887	Marionette	INFO	Stopped listening on port 43225

###!!! [Parent][RunMessage] Error: Channel closing: too late to send/recv, messages will be lost

